I think I am at (84, 30), orientation 0.0 degrees
I am going to turn 0.0 degrees
I think I am at (84, 30), orientation 0.0 degrees
I am going forward 20 cm
Sonar dist 104
I think I am at (104.01500578071467, 29.97097742184781), orientation -0.016444458147931044 degrees
I am going to turn 0.038328662719264286 degrees
I think I am at (104.01500578071467, 29.97097742184781), orientation -0.016444458147931044 degrees
I am going forward 20 cm
Sonar dist 83
I think I am at (124.01620374186601, 29.927127041389863), orientation 0.08599271785445174 degrees
I am going to turn -0.011412019690111689 degrees
I think I am at (124.01620374186601, 29.927127041389863), orientation 0.08599271785445174 degrees
I am going forward 20 cm
Sonar dist 64
I think I am at (144.02145545365067, 29.860805408757475), orientation -0.16452783770226742 degrees
I am going to turn 0.3861939145124851 degrees
I think I am at (144.02145545365067, 29.860805408757475), orientation -0.16452783770226742 degrees
I am going forward 20 cm
Sonar dist 44
I think I am at (164.01296063054644, 30.175874776223463), orientation 0.5168536731395457 degrees
I am going to turn -1.1471439778444437 degrees
I think I am at (164.01296063054644, 30.175874776223463), orientation 0.5168536731395457 degrees
I am going forward 15.988006746851516 cm
Sonar dist 29
I think I am at (179.98686226273097, 30.282523642690194), orientation -0.06435245637833684 degrees
I am going to turn 90.03261481239218 degrees
I think I am at (179.98686226273097, 30.282523642690194), orientation -0.06435245637833684 degrees
I am going forward 20 cm
Sonar dist 36
I think I am at (180.27130815561145, 49.637165673804496), orientation 89.52627225915337 degrees
I am going to turn 4.0321531945609985 degrees
I think I am at (180.27130815561145, 49.637165673804496), orientation 89.52627225915337 degrees
I am going forward 4.371262000055712 cm
Sonar dist 32
I think I am at (180.4674449215708, 53.08127239924171), orientation 92.45873112694807 degrees
I am going to turn 86.30194297437122 degrees
I think I am at (180.4674449215708, 53.08127239924171), orientation 92.45873112694807 degrees
I am going forward 20 cm
Sonar dist 161
I think I am at (160.97404688507189, 53.26993139447487), orientation 177.43444543403152 degrees
I am going to turn 0.7454234367745547 degrees
I think I am at (160.97404688507189, 53.26993139447487), orientation 177.43444543403152 degrees
I am going forward 20 cm
Sonar dist 141
I think I am at (141.14795655477425, 53.86145649714442), orientation 177.65006216283393 degrees
I am going to turn -0.17005845304280404 degrees
I think I am at (141.14795655477425, 53.86145649714442), orientation 177.65006216283393 degrees
I am going forward 3.151003772281094 cm
Sonar dist 138
I think I am at (138.1003492771586, 54.144679307414904), orientation 176.96265423917865 degrees
I am going to turn -86.91215516250307 degrees
I think I am at (138.1003492771586, 54.144679307414904), orientation 176.96265423917865 degrees
I am going forward 20 cm
Sonar dist 155
I think I am at (138.11908807933, 74.13332055873587), orientation 90.1801253245471 degrees
I am going to turn -0.107434560202571 degrees
I think I am at (138.11908807933, 74.13332055873587), orientation 90.1801253245471 degrees
I am going forward 20 cm
Sonar dist 122
I think I am at (137.23045710155114, 93.23198219048159), orientation 90.87329323403449 degrees
I am going to turn -1.4629839159518359 degrees
I think I am at (137.23045710155114, 93.23198219048159), orientation 90.87329323403449 degrees
I am going forward 20 cm
Sonar dist 103
I think I am at (137.00952346856596, 112.9566168920994), orientation 89.74658733295146 degrees
I am going to turn -0.7774832862032044 degrees
I think I am at (137.00952346856596, 112.9566168920994), orientation 89.74658733295146 degrees
I am going forward 20 cm
Sonar dist 84
I think I am at (137.11568522744523, 132.75382690043412), orientation 89.15775943022871 degrees
I am going to turn -0.5949899775713897 degrees
I think I am at (137.11568522744523, 132.75382690043412), orientation 89.15775943022871 degrees
I am going forward 20 cm
Sonar dist 65
I think I am at (137.9810711209893, 152.64155194462634), orientation 88.40490488867253 degrees
I am going to turn 1.524479621716835 degrees
I think I am at (137.9810711209893, 152.64155194462634), orientation 88.40490488867253 degrees
I am going forward 15.35845972003936 cm
Sonar dist 50
I think I am at (138.33826197663805, 167.97803223619795), orientation 89.79174759740282 degrees
I am going to turn 90.15653713177794 degrees
I think I am at (138.33826197663805, 167.97803223619795), orientation 89.79174759740282 degrees
I am going forward 20 cm
Sonar dist 27
I think I am at (117.15343592226799, 168.0310350434734), orientation 179.94186309792494 degrees
I am going to turn 0.6220042660603174 degrees
I think I am at (117.15343592226799, 168.0310350434734), orientation 179.94186309792494 degrees
I am going forward 3.1535886367396673 cm
Sonar dist 25
I think I am at (111.37352422213893, 168.09906135953656), orientation 179.3949328936879 degrees
I am going to turn 178.44509714812494 degrees
I think I am at (111.37352422213893, 168.09906135953656), orientation 179.3949328936879 degrees
I am going forward 2.628343235698901 cm
Sonar dist 58
I think I am at (113.48518788784618, 167.93856900103452), orientation 357.897383682875 degrees
I am going to turn -87.54598155892943 degrees
I think I am at (113.48518788784618, 167.93856900103452), orientation 357.897383682875 degrees
I am going forward 20 cm
Sonar dist 135
I think I am at (113.50489117652823, 148.03752778296172), orientation 270.0104969433615 degrees
I am going to turn 0.432478945077652 degrees
I think I am at (113.50489117652823, 148.03752778296172), orientation 270.0104969433615 degrees
I am going forward 20 cm
Sonar dist 118
I think I am at (113.4659344984109, 127.99622879326577), orientation 270.779505779775 degrees
I am going to turn -0.08403261732954125 degrees
I think I am at (113.4659344984109, 127.99622879326577), orientation 270.779505779775 degrees
I am going forward 20 cm
Sonar dist 100
I think I am at (113.95085111363919, 107.97311540796679), orientation 270.6757802323315 degrees
I am going to turn -0.5583144894395969 degrees
I think I am at (113.95085111363919, 107.97311540796679), orientation 270.6757802323315 degrees
I am going forward 20 cm
Sonar dist 82
I think I am at (113.56929897809104, 88.02055552420744), orientation 269.7914001762316 degrees
I am going to turn 6.323077932415958 degrees
I think I am at (113.56929897809104, 88.02055552420744), orientation 269.7914001762316 degrees
I am going forward 4.043559087426369 cm
Sonar dist 78
I think I am at (114.80187693035869, 84.11700140498715), orientation 276.60798045058436 degrees
I am going to turn -96.39034259440987 degrees
I think I am at (114.80187693035869, 84.11700140498715), orientation 276.60798045058436 degrees
I am going forward 20 cm
Sonar dist 261
I think I am at (95.23325493062856, 84.1829452141547), orientation 180.34078934889052 degrees
I am going to turn 0.5922493950159362 degrees
I think I am at (95.23325493062856, 84.1829452141547), orientation 180.34078934889052 degrees
I am going forward 11.234744558194146 cm
Sonar dist 113
I think I am at (84.35269088086251, 84.1975556837406), orientation 180.78689808050024 degrees
I am going to turn 88.84025459365387 degrees
I think I am at (84.35269088086251, 84.1975556837406), orientation 180.78689808050024 degrees
I am going forward 20 cm
Sonar dist 51
I think I am at (85.42027982866263, 63.9528876518103), orientation 270.41840977264553 degrees
I am going to turn -2.8137472746580565 degrees
I think I am at (85.42027982866263, 63.9528876518103), orientation 270.41840977264553 degrees
I am going forward 20 cm
Sonar dist 33
I think I am at (85.27937820419136, 43.777640775794744), orientation 268.17429078178407 degrees
I am going to turn -3.4795069542696764 degrees
I think I am at (85.27937820419136, 43.777640775794744), orientation 268.17429078178407 degrees
I am going forward 13.83691417680264 cm
Sonar dist 22
