I think I am at (84, 30), orientation 0.0 degrees
I am going to turn 0.0 degrees
I think I am at (84, 30), orientation 0.0 degrees
I am going forward 20 cm
I think I am at (104.00141749480647, 30.000681967779048), orientation -0.014045816622679248 degrees
I am going to turn 0.01353167709250628 degrees
I think I am at (104.00141749480647, 30.000681967779048), orientation -0.014045816622679248 degrees
I am going forward 20 cm
I think I am at (124.02035521458798, 29.923137875513472), orientation -0.19987955459220408 degrees
I am going to turn 0.2785487313426264 degrees
I think I am at (124.02035521458798, 29.923137875513472), orientation -0.19987955459220408 degrees
I am going forward 20 cm
I think I am at (144.01635645006897, 29.776843639468073), orientation -0.46630267767195027 degrees
I am going to turn 0.8216239419274051 degrees
I think I am at (144.01635645006897, 29.776843639468073), orientation -0.46630267767195027 degrees
I am going forward 20 cm
I think I am at (164.01330290182486, 29.432020163332325), orientation -0.20232017733794644 degrees
I am going to turn 2.237084779057201 degrees
I think I am at (164.01330290182486, 29.432020163332325), orientation -0.20232017733794644 degrees
I am going forward 15.996783589323902 cm
I think I am at (179.98205088627898, 30.123132703530803), orientation 2.218729693347857 degrees
I am going to turn 87.73819898344527 degrees
I think I am at (179.98205088627898, 30.123132703530803), orientation 2.218729693347857 degrees
I am going forward 20 cm
I think I am at (179.81802123087695, 50.9930368242713), orientation 90.40867536683629 degrees
I am going to turn -3.8719415730466737 degrees
I think I am at (179.81802123087695, 50.9930368242713), orientation 90.40867536683629 degrees
I am going forward 3.012464740474147 cm
I think I am at (180.05554617639785, 53.80103493932427), orientation 86.04834606283227 degrees
I am going to turn 93.68058925646038 degrees
I think I am at (180.05554617639785, 53.80103493932427), orientation 86.04834606283227 degrees
I am going forward 20 cm
I think I am at (160.57716593291923, 53.87968804351163), orientation 178.13911849815847 degrees
I am going to turn 1.5555596513453624 degrees
I think I am at (160.57716593291923, 53.87968804351163), orientation 178.13911849815847 degrees
I am going forward 20 cm
I think I am at (140.8347689315321, 54.35603782886089), orientation 178.42326692439596 degrees
I am going to turn 8.735413459977233 degrees
I think I am at (140.8347689315321, 54.35603782886089), orientation 178.42326692439596 degrees
I am going forward 2.8570400471046256 cm
I think I am at (138.0735506570198, 53.99388636030251), orientation 187.28311101082224 degrees
I am going to turn -97.24614683838932 degrees
I think I am at (138.0735506570198, 53.99388636030251), orientation 187.28311101082224 degrees
I am going forward 20 cm
I think I am at (138.09324204345543, 73.74480620060724), orientation 90.24345539668455 degrees
I am going to turn -0.18677550876420815 degrees
I think I am at (138.09324204345543, 73.74480620060724), orientation 90.24345539668455 degrees
I am going forward 20 cm
I think I am at (137.96149548461943, 93.15491452730534), orientation 90.21581015084453 degrees
I am going to turn -0.24528631504342804 degrees
I think I am at (137.96149548461943, 93.15491452730534), orientation 90.21581015084453 degrees
I am going forward 20 cm
I think I am at (137.68529802708767, 112.54002220400493), orientation 90.50025347681596 degrees
I am going to turn -0.8253690294384844 degrees
I think I am at (137.68529802708767, 112.54002220400493), orientation 90.50025347681596 degrees
I am going forward 20 cm
I think I am at (137.9907428757196, 132.17700596628464), orientation 89.69152008581538 degrees
I am going to turn 0.29367394516401146 degrees
I think I am at (137.9907428757196, 132.17700596628464), orientation 89.69152008581538 degrees
I am going forward 20 cm
I think I am at (138.69925356133825, 151.95280536051993), orientation 89.50005709149161 degrees
I am going to turn 2.9950175978099165 degrees
I think I am at (138.69925356133825, 151.95280536051993), orientation 89.50005709149161 degrees
I am going forward 16.062422337256674 cm
I think I am at (137.76309099999938, 167.87832084218235), orientation 92.70191351528389 degrees
I am going to turn 87.00470540618541 degrees
I think I am at (137.76309099999938, 167.87832084218235), orientation 92.70191351528389 degrees
I am going forward 20 cm
I think I am at (117.31735964985096, 168.12406620192), orientation 179.4437273607056 degrees
I am going to turn 2.6980839271572483 degrees
I think I am at (117.31735964985096, 168.12406620192), orientation 179.4437273607056 degrees
I am going forward 3.3196788201448215 cm
I think I am at (112.52944807858542, 168.0082992722924), orientation 181.4961601227102 degrees
I am going to turn 89.50669096495817 degrees
I think I am at (112.52944807858542, 168.0082992722924), orientation 181.4961601227102 degrees
I am going forward 20 cm
I think I am at (113.17749063761651, 148.12656100175218), orientation 270.5925673544118 degrees
I am going to turn 0.14228775497101406 degrees
I think I am at (113.17749063761651, 148.12656100175218), orientation 270.5925673544118 degrees
I am going forward 20 cm
I think I am at (113.52378972551043, 128.24824604848172), orientation 270.2049414289023 degrees
I am going to turn 0.4116657356544796 degrees
I think I am at (113.52378972551043, 128.24824604848172), orientation 270.2049414289023 degrees
I am going forward 20 cm
I think I am at (113.75153709356599, 108.20838081355491), orientation 270.5987497832562 degrees
I am going to turn -0.010714747855703009 degrees
I think I am at (113.75153709356599, 108.20838081355491), orientation 270.5987497832562 degrees
I am going forward 20 cm
I think I am at (114.2583802743607, 88.22154972131734), orientation 270.7001592785981 degrees
I am going to turn -4.202582785686036 degrees
I think I am at (114.2583802743607, 88.22154972131734), orientation 270.7001592785981 degrees
I am going forward 4.229449422292843 cm
I think I am at (114.13611044298756, 84.02023263073029), orientation 266.62763472284024 degrees
I am going to turn -86.58916777544462 degrees
I think I am at (114.13611044298756, 84.02023263073029), orientation 266.62763472284024 degrees
I am going forward 20 cm
I think I am at (94.65593331448083, 83.91256160374039), orientation 180.25575935352205 degrees
I am going to turn -0.7258954259522822 degrees
I think I am at (94.65593331448083, 83.91256160374039), orientation 180.25575935352205 degrees
I am going forward 10.656292050981097 cm
I think I am at (83.95470859767434, 84.11111480994467), orientation 179.50000771634814 degrees
I am going to turn 90.54794926263115 degrees
I think I am at (83.95470859767434, 84.11111480994467), orientation 179.50000771634814 degrees
I am going forward 20 cm
I think I am at (83.94794218075599, 64.08412298110717), orientation 270.0651220608429 degrees
I am going to turn 0.022387628513160732 degrees
I think I am at (83.94794218075599, 64.08412298110717), orientation 270.0651220608429 degrees
I am going forward 20 cm
I think I am at (84.36431133998032, 44.05179337609329), orientation 270.43216638679803 degrees
I am going to turn -1.9173026010520646 degrees
I think I am at (84.36431133998032, 44.05179337609329), orientation 270.43216638679803 degrees
I am going forward 14.056515209569463 cm
