I think I am at (84, 30), orientation 0.0 degrees
I am going to turn 0.0 degrees
I think I am at (84, 30), orientation 0.0 degrees
I am going forward 20 cm
Sonar dist 108
I think I am at (104.0073485811048, 29.93978298094858), orientation -0.18808495785129087 degrees
I am going to turn 0.23348645733783893 degrees
I think I am at (104.0073485811048, 29.93978298094858), orientation -0.18808495785129087 degrees
I am going forward 20 cm
Sonar dist 84
I think I am at (124.01319894289928, 29.897374163052003), orientation -0.15116583487129825 degrees
I am going to turn 0.25619095917625506 degrees
I think I am at (124.01319894289928, 29.897374163052003), orientation -0.15116583487129825 degrees
I am going forward 20 cm
Sonar dist 64
I think I am at (143.99445823943432, 30.04701005562105), orientation 0.3520843604324252 degrees
I am going to turn -0.4268916295236467 degrees
I think I am at (143.99445823943432, 30.04701005562105), orientation 0.3520843604324252 degrees
I am going forward 20 cm
Sonar dist 44
I think I am at (163.97501658813053, 29.89388847005856), orientation -0.35548062702244615 degrees
I am going to turn 0.7348666027787829 degrees
I think I am at (163.97501658813053, 29.89388847005856), orientation -0.35548062702244615 degrees
I am going forward 16.025334723726623 cm
Sonar dist 29
At-waypoint location: {self.log} 

I think I am at (179.98596159266887, 30.366055347990365), orientation 0.49285632997641854 degrees
I am going to turn 89.47311035868245 degrees
I think I am at (179.98596159266887, 30.366055347990365), orientation 0.49285632997641854 degrees
I am going forward 20 cm
Sonar dist 32
I think I am at (179.6844587608361, 51.548498931071876), orientation 90.8929082028316 degrees
I am going to turn -8.227321435733614 degrees
I think I am at (179.6844587608361, 51.548498931071876), orientation 90.8929082028316 degrees
I am going forward 2.4717248561619534 cm
Sonar dist 30
At-waypoint location: {self.log} 

I think I am at (180.03033251387956, 54.12412650542463), orientation 82.55184906344793 degrees
I am going to turn 97.61735978609342 degrees
I think I am at (180.03033251387956, 54.12412650542463), orientation 82.55184906344793 degrees
I am going forward 20 cm
Sonar dist 160
I think I am at (160.6171508171444, 54.06856306835081), orientation 178.38581615654905 degrees
I am going to turn 1.7878733786702272 degrees
I think I am at (160.6171508171444, 54.06856306835081), orientation 178.38581615654905 degrees
I am going forward 20 cm
Sonar dist 141
I think I am at (140.9072131500981, 54.25010295537856), orientation 179.0808302018372 degrees
I am going to turn 5.83612910142802 degrees
I think I am at (140.9072131500981, 54.25010295537856), orientation 179.0808302018372 degrees
I am going forward 2.9179512998664694 cm
Sonar dist 139
At-waypoint location: {self.log} 

I think I am at (138.08698097314542, 53.81145191471887), orientation 184.8028567586802 degrees
I am going to turn -94.75921278755658 degrees
I think I am at (138.08698097314542, 53.81145191471887), orientation 184.8028567586802 degrees
I am going forward 20 cm
Sonar dist 153
I think I am at (138.0794215500692, 73.70478324571032), orientation 90.17366942266025 degrees
I am going to turn -0.1254112108237938 degrees
I think I am at (138.0794215500692, 73.70478324571032), orientation 90.17366942266025 degrees
I am going forward 20 cm
Sonar dist 123
I think I am at (137.57571918131464, 93.28704118514078), orientation 90.72991249587331 degrees
I am going to turn -1.0552809367898874 degrees
I think I am at (137.57571918131464, 93.28704118514078), orientation 90.72991249587331 degrees
I am going forward 20 cm
Sonar dist 104
I think I am at (137.38155291512751, 113.01879291647431), orientation 89.78780845427362 degrees
I am going to turn -0.43226344828843494 degrees
I think I am at (137.38155291512751, 113.01879291647431), orientation 89.78780845427362 degrees
I am going forward 20 cm
Sonar dist 85
I think I am at (137.8207731793984, 132.77703999475003), orientation 89.3456014061028 degrees
I am going to turn 0.3628600130859993 degrees
I think I am at (137.8207731793984, 132.77703999475003), orientation 89.3456014061028 degrees
I am going forward 20 cm
Sonar dist 66
I think I am at (138.08863536282968, 152.68524216463362), orientation 89.65187955556637 degrees
I am going to turn 0.6797205623712091 degrees
I think I am at (138.08863536282968, 152.68524216463362), orientation 89.65187955556637 degrees
I am going forward 15.315014325277657 cm
Sonar dist 52
At-waypoint location: {self.log} 

I think I am at (137.82300389382746, 167.9926618888971), orientation 90.04862446031196 degrees
I am going to turn 89.93372693481977 degrees
I think I am at (137.82300389382746, 167.9926618888971), orientation 90.04862446031196 degrees
I am going forward 20 cm
Sonar dist 25
I think I am at (116.4168256616661, 167.96551544027054), orientation 179.62273900181327 degrees
I am going to turn -0.44021032056056353 degrees
I think I am at (116.4168256616661, 167.96551544027054), orientation 179.62273900181327 degrees
I am going forward 2.4170716712061924 cm
Sonar dist 23
I think I am at (110.1524125527632, 168.0421675696029), orientation 178.5674548869296 degrees
I am going to turn -179.1953618756375 degrees
I think I am at (110.1524125527632, 168.0421675696029), orientation 178.5674548869296 degrees
I am going forward 3.8478185076820406 cm
Sonar dist 59
I think I am at (110.77872949996721, 167.69012904747336), orientation 0.2452556811367435 degrees
I am going to turn 5.249419954762999 degrees
I think I am at (110.77872949996721, 167.69012904747336), orientation 0.2452556811367435 degrees
I am going forward 3.236140238246984 cm
Sonar dist 57
At-waypoint location: {self.log} 

I think I am at (113.76859166987867, 167.90935960054662), orientation 6.0723533282416104 degrees
I am going to turn -95.91434131254276 degrees
I think I am at (113.76859166987867, 167.90935960054662), orientation 6.0723533282416104 degrees
I am going forward 20 cm
Sonar dist 133
I think I am at (113.8650902775556, 147.95333203977933), orientation -89.96464309718348 degrees
I am going to turn 0.0855085157476975 degrees
I think I am at (113.8650902775556, 147.95333203977933), orientation -89.96464309718348 degrees
I am going forward 20 cm
Sonar dist 115
I think I am at (113.74561409272296, 127.97311839053818), orientation -90.18155610745569 degrees
I am going to turn 0.5130103412411011 degrees
I think I am at (113.74561409272296, 127.97311839053818), orientation -90.18155610745569 degrees
I am going forward 20 cm
Sonar dist 96
I think I am at (113.51661949362351, 108.00007215039705), orientation -89.99703862472593 degrees
I am going to turn 1.1508651100033158 degrees
I think I am at (113.51661949362351, 108.00007215039705), orientation -89.99703862472593 degrees
I am going forward 20 cm
Sonar dist 77
I think I am at (114.221998907881, 88.05334450031732), orientation -88.82656803471781 degrees
I am going to turn -4.30835056969915 degrees
I think I am at (114.221998907881, 88.05334450031732), orientation -88.82656803471781 degrees
I am going forward 4.059419312334344 cm
Sonar dist 74
At-waypoint location: {self.log} 

I think I am at (113.80933166681115, 84.05328261385075), orientation -93.49488990929544 degrees
I am going to turn -86.40269700483167 degrees
I think I am at (113.80933166681115, 84.05328261385075), orientation -93.49488990929544 degrees
I am going forward 20 cm
Sonar dist 113
I think I am at (93.71733203919317, 84.20100341812878), orientation -180.33361024839348 degrees
I am going to turn 1.5186068457400654 degrees
I think I am at (93.71733203919317, 84.20100341812878), orientation -180.33361024839348 degrees
I am going forward 9.719410698907083 cm
Sonar dist 103
At-waypoint location: {self.log} 

I think I am at (83.74830888370235, 84.30939195101793), orientation -179.50882923584936 degrees
I am going to turn 89.77435854756446 degrees
I think I am at (83.74830888370235, 84.30939195101793), orientation -179.50882923584936 degrees
I am going forward 20 cm
Sonar dist 50
I think I am at (84.25399802997067, 64.14904583985974), orientation -89.36243799047315 degrees
I am going to turn -1.0637158420028896 degrees
I think I am at (84.25399802997067, 64.14904583985974), orientation -89.36243799047315 degrees
I am going forward 20 cm
Sonar dist 31
I think I am at (84.71492847969506, 44.088618123146816), orientation -90.27346733537996 degrees
I am going to turn -2.6315215089955375 degrees
I think I am at (84.71492847969506, 44.088618123146816), orientation -90.27346733537996 degrees
I am going forward 14.1067460227701 cm
Sonar dist 20
I think I am at (85.9571140182143, 29.51757825050331), orientation -91.46973921624577 degrees
I am going to turn -102.37742112081955 degrees
I think I am at (85.9571140182143, 29.51757825050331), orientation -91.46973921624577 degrees
I am going forward 2.0156949235135673 cm
Sonar dist 261
At-waypoint location: {self.log} 

I think I am at (84, 30), orientation 0.0 degrees
I am going to turn 0.0 degrees
I think I am at (84, 30), orientation 0.0 degrees
I am going forward 20 cm
Sonar dist 105
I think I am at (104.00455529481899, 29.995133308597104), orientation -0.11042888440448477 degrees
I am going to turn 0.11409806323854196 degrees
I think I am at (104.00455529481899, 29.995133308597104), orientation -0.11042888440448477 degrees
I am going forward 20 cm
Sonar dist 85
I think I am at (123.9947637193106, 30.05986519061717), orientation 0.1262583870169824 degrees
I am going to turn -0.1875030434728012 degrees
I think I am at (123.9947637193106, 30.05986519061717), orientation 0.1262583870169824 degrees
I am going forward 20 cm
Sonar dist 65
I think I am at (143.97947006024523, 29.880251524905944), orientation -0.34554287874570755 degrees
I am going to turn 0.5360191699467434 degrees
I think I am at (143.97947006024523, 29.880251524905944), orientation -0.34554287874570755 degrees
I am going forward 20 cm
Sonar dist 45
I think I am at (163.95664413345264, 29.577882136474386), orientation -0.12754142102542526 degrees
I am going to turn 1.634706976271291 degrees
I think I am at (163.95664413345264, 29.577882136474386), orientation -0.12754142102542526 degrees
I am going forward 16.048908092184558 cm
Sonar dist 30
Sonar dist 29
At-waypoint location: {self.log} 

I think I am at (179.9723080362244, 30.974939133427625), orientation 2.2627897579184 degrees
I am going to turn 87.66830133039765 degrees
I think I am at (179.9723080362244, 30.974939133427625), orientation 2.2627897579184 degrees
I am going forward 20 cm
Sonar dist 31
I think I am at (179.79249916364935, 51.888761796115396), orientation 90.69729966082576 degrees
I am going to turn -6.31052758482537 degrees
I think I am at (179.79249916364935, 51.888761796115396), orientation 90.69729966082576 degrees
I am going forward 2.121410698244945 cm
Sonar dist 29
Sonar dist 29
At-waypoint location: {self.log} 

I think I am at (179.6732288308628, 54.731429031280875), orientation 85.28146474890742 degrees
I am going to turn 95.72406074447036 degrees
I think I am at (179.6732288308628, 54.731429031280875), orientation 85.28146474890742 degrees
I am going forward 20 cm
Sonar dist 160
I think I am at (160.10446586205248, 54.92018386785878), orientation 178.5231307970042 degrees
I am going to turn 3.8606512179169696 degrees
I think I am at (160.10446586205248, 54.92018386785878), orientation 178.5231307970042 degrees
I am going forward 20 cm
Sonar dist 142
I think I am at (140.33307975141798, 54.35905494084442), orientation 181.245027566317 degrees
I am going to turn 7.504003767997311 degrees
I think I am at (140.33307975141798, 54.35905494084442), orientation 181.245027566317 degrees
I am going forward 2.360546880920053 cm
Sonar dist 140
Sonar dist 140
At-waypoint location: {self.log} 

I think I am at (137.9654409227456, 53.97058356561041), orientation 188.86230894955006 degrees
I am going to turn -98.87967367237187 degrees
I think I am at (137.9654409227456, 53.97058356561041), orientation 188.86230894955006 degrees
I am going forward 20 cm
Sonar dist 166
I think I am at (138.03878170570897, 74.02189347956667), orientation 89.91313738454724 degrees
I am going to turn 0.110506717420541 degrees
I think I am at (138.03878170570897, 74.02189347956667), orientation 89.91313738454724 degrees
I am going forward 20 cm
Sonar dist 122
I think I am at (137.41006128473796, 93.24751587046556), orientation 90.91639207852938 degrees
I am going to turn -1.3685549363187586 degrees
I think I am at (137.41006128473796, 93.24751587046556), orientation 90.91639207852938 degrees
I am going forward 20 cm
Sonar dist 104
I think I am at (136.75717538896774, 112.54467320934897), orientation 90.40400113916425 degrees
I am going to turn -1.6878577266043289 degrees
I think I am at (136.75717538896774, 112.54467320934897), orientation 90.40400113916425 degrees
I am going forward 20 cm
Sonar dist 85
I think I am at (137.18106131458572, 132.47890438374066), orientation 88.69153928491399 degrees
I am going to turn -0.012259232063498698 degrees
I think I am at (137.18106131458572, 132.47890438374066), orientation 88.69153928491399 degrees
I am going forward 20 cm
Sonar dist 66
I think I am at (137.81269166350964, 152.43605614714662), orientation 88.6574858052585 degrees
I am going to turn 0.653006498531719 degrees
I think I am at (137.81269166350964, 152.43605614714662), orientation 88.6574858052585 degrees
I am going forward 15.565070917528498 cm
Sonar dist 51
Sonar dist 51
At-waypoint location: {self.log} 

I think I am at (138.2658978332499, 167.83313644242858), orientation 89.22044725855945 degrees
I am going to turn 90.3855666223062 degrees
I think I am at (138.2658978332499, 167.83313644242858), orientation 89.22044725855945 degrees
I am going forward 20 cm
Sonar dist 26
I think I am at (118.0001173613083, 168.03530816598206), orientation 179.4013890523272 degrees
I am going to turn 1.1043351987141345 degrees
I think I am at (118.0001173613083, 168.03530816598206), orientation 179.4013890523272 degrees
I am going forward 4.000273187024241 cm
Sonar dist 24
I think I am at (111.81780343339493, 167.74861785921755), orientation 180.3587243859202 degrees
I am going to turn -173.7873975449927 degrees
I think I am at (111.81780343339493, 167.74861785921755), orientation 180.3587243859202 degrees
I am going forward 2.196628060461609 cm
Sonar dist 59
Sonar dist 59
At-waypoint location: {self.log} 

I think I am at (112.5121984093904, 168.11290033403424), orientation 6.416286138832186 degrees
I am going to turn -95.40293547524509 degrees
I think I am at (112.5121984093904, 168.11290033403424), orientation 6.416286138832186 degrees
I am going forward 20 cm
Sonar dist 135
I think I am at (112.47187067514565, 148.14744418904675), orientation -88.99260399043958 degrees
I am going to turn 0.35725390313219707 degrees
I think I am at (112.47187067514565, 148.14744418904675), orientation -88.99260399043958 degrees
I am going forward 20 cm
Sonar dist 117
I think I am at (113.24868073789143, 128.09032577461977), orientation -88.06449700811456 degrees
I am going to turn -0.9592512610875167 degrees
I think I am at (113.24868073789143, 128.09032577461977), orientation -88.06449700811456 degrees
I am going forward 20 cm
Sonar dist 98
I think I am at (113.79360651573475, 108.15874813313125), orientation -89.14540112827923 degrees
I am going to turn -0.3651203683469269 degrees
I think I am at (113.79360651573475, 108.15874813313125), orientation -89.14540112827923 degrees
I am going forward 20 cm
Sonar dist 79
I think I am at (114.10066718429559, 88.00102573278758), orientation -89.28205961899896 degrees
I am going to turn -2.1592178317048725 degrees
I think I am at (114.10066718429559, 88.00102573278758), orientation -89.28205961899896 degrees
I am going forward 4.002291942927503 cm
Sonar dist 75
Sonar dist 75
At-waypoint location: {self.log} 

I think I am at (113.18572609836272, 83.67628981631526), orientation -91.45340603979554 degrees
I am going to turn -89.18205756838091 degrees
I think I am at (113.18572609836272, 83.67628981631526), orientation -91.45340603979554 degrees
I am going forward 20 cm
Sonar dist 110
I think I am at (93.06614086020694, 84.06956790451726), orientation -180.75694577420296 degrees
I am going to turn 1.196589184872311 degrees
I think I am at (93.06614086020694, 84.06956790451726), orientation -180.75694577420296 degrees
I am going forward 9.066407766610368 cm
Sonar dist 102
Sonar dist 102
At-waypoint location: {self.log} 

I think I am at (84.54680576292574, 84.05098596948041), orientation -179.52038081251615 degrees
I am going to turn 88.94076893050682 degrees
I think I am at (84.54680576292574, 84.05098596948041), orientation -179.52038081251615 degrees
I am going forward 20 cm
Sonar dist 52
I think I am at (84.254074945235, 64.18157520976771), orientation -90.54110060941305 degrees
I am going to turn 0.11522339755641889 degrees
I think I am at (84.254074945235, 64.18157520976771), orientation -90.54110060941305 degrees
I am going forward 20 cm
Sonar dist 33
I think I am at (84.75853763220083, 43.725466676476124), orientation -90.03541849791567 degrees
I am going to turn -3.1278137911236272 degrees
I think I am at (84.75853763220083, 43.725466676476124), orientation -90.03541849791567 degrees
I am going forward 13.74641097983475 cm
Sonar dist 22
I think I am at (87.73556576605371, 28.00637447333635), orientation -90.7529016317374 degrees
I am going to turn -117.33539066404619 degrees
I think I am at (87.73556576605371, 28.00637447333635), orientation -90.7529016317374 degrees
I am going forward 4.234264320171493 cm
Sonar dist 112
Sonar dist 112
At-waypoint location: {self.log} 

I think I am at (84, 30), orientation 0.0 degrees
I am going to turn 0.0 degrees
I think I am at (84, 30), orientation 0.0 degrees
I am going forward 20 cm
Sonar dist 105
I think I am at (104.02509523865724, 29.93446160379076), orientation -0.1874359570800937 degrees
I am going to turn 0.2368611268676145 degrees
I think I am at (104.02509523865724, 29.93446160379076), orientation -0.1874359570800937 degrees
I am going forward 20 cm
Sonar dist 85
I think I am at (124.28855419002804, 29.838761003483615), orientation -0.2572705336842557 degrees
I am going to turn 0.4230944153819791 degrees
I think I am at (124.28855419002804, 29.838761003483615), orientation -0.2572705336842557 degrees
I am going forward 20 cm
Sonar dist 65
I think I am at (144.66138066032892, 29.73078497593111), orientation -0.07333242566911566 degrees
I am going to turn 0.5098120210350178 degrees
I think I am at (144.66138066032892, 29.73078497593111), orientation -0.07333242566911566 degrees
I am going forward 20 cm
Sonar dist 46
I think I am at (164.6196483605383, 29.67295797063631), orientation 0.25972965538923526 degrees
I am going to turn 0.9584027458950508 degrees
I think I am at (164.6196483605383, 29.67295797063631), orientation 0.25972965538923526 degrees
I am going forward 15.383828296053709 cm
Sonar dist 31
Sonar dist 31
At-waypoint location: {self.log} 

I think I am at (179.56831504826067, 30.325611600704388), orientation 1.619774792089756 degrees
I am going to turn 87.33559483692457 degrees
I think I am at (179.56831504826067, 30.325611600704388), orientation 1.619774792089756 degrees
I am going forward 20 cm
Sonar dist 32
I think I am at (179.95295479669494, 51.33012472178783), orientation 89.25806089030499 degrees
I am going to turn -0.26755099441056374 degrees
I think I am at (179.95295479669494, 51.33012472178783), orientation 89.25806089030499 degrees
I am going forward 2.67028973191347 cm
Sonar dist 29
Sonar dist 29
At-waypoint location: {self.log} 

I think I am at (180.13881337589876, 54.89571679829171), orientation 89.28919467731579 degrees
I am going to turn 91.92852031532257 degrees
I think I am at (180.13881337589876, 54.89571679829171), orientation 89.28919467731579 degrees
I am going forward 20 cm
Sonar dist 157
I think I am at (160.09656547971161, 54.812785314584275), orientation 179.46473526886172 degrees
I am going to turn 2.641844703819859 degrees
I think I am at (160.09656547971161, 54.812785314584275), orientation 179.46473526886172 degrees
I am going forward 20 cm
Sonar dist 139
I think I am at (140.00519040488058, 55.58968166625465), orientation 179.98183479205767 degrees
I am going to turn 38.42496202475701 degrees
I think I am at (140.00519040488058, 55.58968166625465), orientation 179.98183479205767 degrees
I am going forward 2.5588818573453715 cm
Sonar dist 50
Sonar dist 50
At-waypoint location: {self.log} 

I think I am at (138.04211202358243, 54.301496594363904), orientation 218.6435906243438 degrees
I am going to turn -128.62236922709212 degrees
I think I am at (138.04211202358243, 54.301496594363904), orientation 218.6435906243438 degrees
I am going forward 20 cm
Sonar dist 167
I think I am at (137.81554429434982, 74.91207855691837), orientation 90.43299002573238 degrees
I am going to turn -0.546522688669378 degrees
I think I am at (137.81554429434982, 74.91207855691837), orientation 90.43299002573238 degrees
I am going forward 20 cm
Sonar dist 124
I think I am at (136.59773737632912, 92.74589607125087), orientation 90.72538063778477 degrees
I am going to turn -1.792889637315974 degrees
I think I am at (136.59773737632912, 92.74589607125087), orientation 90.72538063778477 degrees
I am going forward 20 cm
Sonar dist 105
I think I am at (134.87659768554693, 109.80767262898125), orientation 89.92796772725808 degrees
I am going to turn -3.0003008544292804 degrees
I think I am at (134.87659768554693, 109.80767262898125), orientation 89.92796772725808 degrees
I am going forward 20 cm
Sonar dist 86
I think I am at (135.95239374446504, 128.7816545821571), orientation 86.50284894311852 degrees
I am going to turn 0.5084280985625262 degrees
I think I am at (135.95239374446504, 128.7816545821571), orientation 86.50284894311852 degrees
I am going forward 20 cm
Sonar dist 67
I think I am at (137.2730241121012, 147.09720961046185), orientation 86.1763515482333 degrees
I am going to turn 1.8317675767434942 degrees
I think I am at (137.2730241121012, 147.09720961046185), orientation 86.1763515482333 degrees
I am going forward 20 cm
Sonar dist 48
I think I am at (138.4786230798133, 165.5267330662558), orientation 87.53998910564373 degrees
I am going to turn 13.412426812358632 degrees
I think I am at (138.4786230798133, 165.5267330662558), orientation 87.53998910564373 degrees
I am going forward 2.5191525118742764 cm
Sonar dist 46
Sonar dist 46
At-waypoint location: {self.log} 

I think I am at (137.4469627420807, 166.71703199189918), orientation 101.26213908583989 degrees
I am going to turn 75.60588080781437 degrees
I think I am at (137.4469627420807, 166.71703199189918), orientation 101.26213908583989 degrees
I am going forward 20 cm
Sonar dist 26
Sonar dist 26
At-waypoint location: {self.log} 

I think I am at (113.01099167463201, 168.7893240289044), orientation 178.8933943657483 degrees
I am going to turn 91.77489063227411 degrees
I think I am at (113.01099167463201, 168.7893240289044), orientation 178.8933943657483 degrees
I am going forward 20 cm
Sonar dist 141
I think I am at (113.18600814343422, 149.0293563040471), orientation 270.61938928971773 degrees
I am going to turn 0.09776162508489009 degrees
I think I am at (113.18600814343422, 149.0293563040471), orientation 270.61938928971773 degrees
I am going forward 20 cm
Sonar dist 123
I think I am at (113.2329531969741, 128.862237533651), orientation 270.7131515955113 degrees
I am going to turn 0.2663863208518305 degrees
I think I am at (113.2329531969741, 128.862237533651), orientation 270.7131515955113 degrees
I am going forward 20 cm
Sonar dist 104
I think I am at (113.79185663661522, 108.70171420062177), orientation 271.43747022408303 degrees
I am going to turn -0.9546918257840945 degrees
I think I am at (113.79185663661522, 108.70171420062177), orientation 271.43747022408303 degrees
I am going forward 20 cm
Sonar dist 85
I think I am at (113.87154686241523, 88.82396427451818), orientation 270.1848526062437 degrees
I am going to turn 1.340466292909332 degrees
I think I am at (113.87154686241523, 88.82396427451818), orientation 270.1848526062437 degrees
I am going forward 4.825674204749326 cm
Sonar dist 81
Sonar dist 81
At-waypoint location: {self.log} 

I think I am at (114.0740360382334, 84.10061441158915), orientation 271.52053036442237 degrees
I am going to turn -91.32884476468644 degrees
I think I am at (114.0740360382334, 84.10061441158915), orientation 271.52053036442237 degrees
I am going forward 20 cm
Sonar dist 109
I think I am at (94.01972884547598, 84.21066733141872), orientation 180.11892572439095 degrees
I am going to turn 1.0855550572853419 degrees
I think I am at (94.01972884547598, 84.21066733141872), orientation 180.11892572439095 degrees
I am going forward 10.021943267719616 cm
Sonar dist 100
Sonar dist 100
At-waypoint location: {self.log} 

I think I am at (83.70306508635461, 84.65890434482749), orientation 181.3116740632403 degrees
I am going to turn 88.99958263288926 degrees
I think I am at (84, 30), orientation 0.0 degrees
I am going to turn 0.0 degrees
I think I am at (84, 30), orientation 0.0 degrees
I am going forward 20 cm
Sonar dist 105
I think I am at (104.7119412563817, 29.94856686308584), orientation -0.2138022196614717 degrees
I am going to turn 0.2529439011318408 degrees
I think I am at (104.7119412563817, 29.94856686308584), orientation -0.2138022196614717 degrees
I am going forward 20 cm
Sonar dist 86
I think I am at (124.08043378758269, 29.93231615176481), orientation 0.023718068557931984 degrees
I am going to turn 0.04563148498784665 degrees
I think I am at (124.08043378758269, 29.93231615176481), orientation 0.023718068557931984 degrees
I am going forward 20 cm
Sonar dist 66
I think I am at (144.26889865320544, 29.80910751708035), orientation -0.2480045337000143 degrees
I am going to turn 0.5541028386416592 degrees
I think I am at (144.26889865320544, 29.80910751708035), orientation -0.2480045337000143 degrees
I am going forward 20 cm
Sonar dist 47
I think I am at (163.84056557606522, 30.26037855669754), orientation 0.7214911217131463 degrees
I am going to turn -1.6446237679346838 degrees
I think I am at (163.84056557606522, 30.26037855669754), orientation 0.7214911217131463 degrees
I am going forward 16.161532040442093 cm
Sonar dist 31
Sonar dist 31
At-waypoint location: {self.log} 

I think I am at (178.55041760126818, 31.127516442024593), orientation 0.49176835305574 degrees
I am going to turn 85.88186458206462 degrees
I think I am at (178.55041760126818, 31.127516442024593), orientation 0.49176835305574 degrees
I am going forward 20 cm
Sonar dist 35
I think I am at (180.0311837485109, 49.803422528398166), orientation 86.09564072996659 degrees
I am going to turn 4.3301024637199435 degrees
I think I am at (180.0311837485109, 49.803422528398166), orientation 86.09564072996659 degrees
I am going forward 4.196693329435359 cm
Sonar dist 31
Sonar dist 31
At-waypoint location: {self.log} 

I think I am at (180.49402244247662, 53.45367364129968), orientation 90.60709139374033 degrees
I am going to turn 88.6563233571467 degrees
I think I am at (180.49402244247662, 53.45367364129968), orientation 90.60709139374033 degrees
I am going forward 20 cm
Sonar dist 158
I think I am at (159.84264319660943, 54.117285190954775), orientation 178.11002068531306 degrees
I am going to turn 2.1976289795365953 degrees
I think I am at (159.84264319660943, 54.117285190954775), orientation 178.11002068531306 degrees
I am going forward 20 cm
Sonar dist 140
I think I am at (139.4273553364406, 55.618192213238885), orientation 177.94956891756223 degrees
I am going to turn 50.635950752705114 degrees
I think I am at (139.4273553364406, 55.618192213238885), orientation 177.94956891756223 degrees
I am going forward 2.1577509808716147 cm
Sonar dist 50
Sonar dist 50
At-waypoint location: {self.log} 

I think I am at (138.46926824537266, 53.83836479949388), orientation 228.90919126054175 degrees
I am going to turn -138.67367485050363 degrees
I think I am at (138.46926824537266, 53.83836479949388), orientation 228.90919126054175 degrees
I am going forward 20 cm
Sonar dist 165
I think I am at (138.25325165740864, 73.96649212241637), orientation 90.30767939304775 degrees
I am going to turn -0.1533703986353381 degrees
I think I am at (138.25325165740864, 73.96649212241637), orientation 90.30767939304775 degrees
I am going forward 20 cm
Sonar dist 121
I think I am at (136.76318303874567, 90.11637531509626), orientation 91.06877100699366 degrees
I am going to turn -1.9785699041123053 degrees
I think I am at (136.76318303874567, 90.11637531509626), orientation 91.06877100699366 degrees
I am going forward 20 cm
Sonar dist 104
I think I am at (135.93822867935498, 107.8700823928661), orientation 88.97660798682601 degrees
I am going to turn -0.9404312634703225 degrees
I think I am at (135.93822867935498, 107.8700823928661), orientation 88.97660798682601 degrees
I am going forward 20 cm
Sonar dist 84
I think I am at (135.84650059303095, 126.40795062333916), orientation 87.90609148248876 degrees
I am going to turn -0.8700316301927558 degrees
I think I am at (135.84650059303095, 126.40795062333916), orientation 87.90609148248876 degrees
I am going forward 20 cm
Sonar dist 64
I think I am at (137.8745961254414, 145.910959113137), orientation 87.08180694767915 degrees
I am going to turn 2.592917021024318 degrees
I think I am at (137.8745961254414, 145.910959113137), orientation 87.08180694767915 degrees
I am going forward 20 cm
Sonar dist 45
I think I am at (137.93687005995125, 165.41926972941542), orientation 89.99991329440523 degrees
I am going to turn -1.4012057693327904 degrees
I think I am at (137.93687005995125, 165.41926972941542), orientation 89.99991329440523 degrees
I am going forward 2.5815022988256517 cm
Sonar dist 43
Sonar dist 43
At-waypoint location: {self.log} 

I think I am at (138.1005416153697, 167.41755790262383), orientation 89.0488914650673 degrees
I am going to turn 89.56670066971839 degrees
I think I am at (138.1005416153697, 167.41755790262383), orientation 89.0488914650673 degrees
I am going forward 20 cm
Sonar dist 30
Sonar dist 30
At-waypoint location: {self.log} 

I think I am at (113.99947181941104, 168.10242118952576), orientation 178.4832066966067 degrees
I am going to turn 91.51715313273164 degrees
I think I am at (113.99947181941104, 168.10242118952576), orientation 178.4832066966067 degrees
I am going forward 20 cm
Sonar dist 143
I think I am at (113.90414656864735, 148.45452316249475), orientation 270.32163083922626 degrees
I am going to turn -0.23642358378207304 degrees
I think I am at (113.90414656864735, 148.45452316249475), orientation 270.32163083922626 degrees
I am going forward 20 cm
Sonar dist 125
I think I am at (114.12709480095745, 128.19460715509626), orientation 270.29803447416697 degrees
I am going to turn -0.46280515745185236 degrees
I think I am at (114.12709480095745, 128.19460715509626), orientation 270.29803447416697 degrees
I am going forward 20 cm
Sonar dist 105
I think I am at (114.27548173841252, 108.07917691129724), orientation 269.9211891744642 degrees
I am going to turn -0.5766622585053033 degrees
I think I am at (114.27548173841252, 108.07917691129724), orientation 269.9211891744642 degrees
I am going forward 20 cm
Sonar dist 87
I think I am at (113.90030571800133, 87.53154671650213), orientation 269.38202219914797 degrees
I am going to turn 2.2349874133648227 degrees
I think I am at (113.90030571800133, 87.53154671650213), orientation 269.38202219914797 degrees
I am going forward 3.532953602964556 cm
Sonar dist 84
Sonar dist 84
At-waypoint location: {self.log} 

I think I am at (114.53864491031042, 84.42049929369634), orientation 272.385957384647 degrees
I am going to turn -91.59707783810957 degrees
I think I am at (114.53864491031042, 84.42049929369634), orientation 272.385957384647 degrees
I am going forward 20 cm
Sonar dist 114
I think I am at (94.40651562965563, 82.14451722110425), orientation 181.07013068126565 degrees
I am going to turn -11.17973606281447 degrees
I think I am at (94.40651562965563, 82.14451722110425), orientation 181.07013068126565 degrees
I am going forward 10.570637818648674 cm
Sonar dist 104
Sonar dist 104
At-waypoint location: {self.log} 

I think I am at (86.3611348778879, 84.09306051820325), orientation 170.2372332271085 degrees
I am going to turn 97.26342133290935 degrees
I think I am at (86.3611348778879, 84.09306051820325), orientation 170.2372332271085 degrees
I am going forward 20 cm
Sonar dist 61
I think I am at (86.47469370603919, 63.48346162634278), orientation 268.071138185254 degrees
I am going to turn -2.298066087936837 degrees
I think I am at (86.47469370603919, 63.48346162634278), orientation 268.071138185254 degrees
I am going forward 20 cm
Sonar dist 42
I think I am at (86.21256773713952, 41.664420594816974), orientation 266.4250342972371 degrees
I am going to turn -7.1655910829778815 degrees
I think I am at (86.21256773713952, 41.664420594816974), orientation 266.4250342972371 degrees
I am going forward 11.872411878140898 cm
Sonar dist 31
Sonar dist 31
At-waypoint location: {self.log} 

I think I am at (84, 30), orientation 0.0 degrees
I am going to turn 0.0 degrees
I think I am at (84, 30), orientation 0.0 degrees
I am going forward 20 cm
Sonar dist 105
I think I am at (104.68072836571596, 29.62409052373078), orientation -1.047452648665637 degrees
I am going to turn 1.3334066571832057 degrees
I think I am at (104.68072836571596, 29.62409052373078), orientation -1.047452648665637 degrees
I am going forward 20 cm
Sonar dist 85
I think I am at (125.30885320396558, 29.99635813504178), orientation 1.215727867485698 degrees
I am going to turn -1.2119125609218644 degrees
I think I am at (125.30885320396558, 29.99635813504178), orientation 1.215727867485698 degrees
I am going forward 20 cm
Sonar dist 66
I think I am at (145.05420527369077, 30.014292696514083), orientation 0.374194526088859 degrees
I am going to turn -0.3976282796740716 degrees
I think I am at (145.05420527369077, 30.014292696514083), orientation 0.374194526088859 degrees
I am going forward 20 cm
Sonar dist 46
I think I am at (165.10383275789306, 29.62295385974746), orientation -0.030189213150000154 degrees
I am going to turn 1.4801286763553978 degrees
I think I am at (165.10383275789306, 29.62295385974746), orientation -0.030189213150000154 degrees
I am going forward 14.900938302559984 cm
Sonar dist 32
Sonar dist 32
At-waypoint location: {self.log} 

I think I am at (178.96732586807573, 30.987656953810326), orientation 1.0253596818121893 degrees
I am going to turn 86.40522785996619 degrees
I think I am at (178.96732586807573, 30.987656953810326), orientation 1.0253596818121893 degrees
I am going forward 20 cm
Sonar dist 36
I think I am at (179.865774974727, 49.299416198653226), orientation 86.58293173804007 degrees
I am going to turn 1.7814335089201052 degrees
I think I am at (179.865774974727, 49.299416198653226), orientation 86.58293173804007 degrees
I am going forward 4.702499806580881 cm
Sonar dist 32
Sonar dist 32
At-waypoint location: {self.log} 

I think I am at (179.71671432701527, 52.43970317457739), orientation 88.13645762967825 degrees
I am going to turn 89.72155271297903 degrees
I think I am at (179.71671432701527, 52.43970317457739), orientation 88.13645762967825 degrees
I am going forward 20 cm
Sonar dist 158
I think I am at (158.94904208940488, 54.203461688038104), orientation 175.88836533355982 degrees
I am going to turn 4.668086338479799 degrees
I think I am at (158.94904208940488, 54.203461688038104), orientation 175.88836533355982 degrees
I am going forward 20 cm
Sonar dist 139
I think I am at (138.60027604780407, 56.13638803563289), orientation 175.94856585014364 degrees
I am going to turn 78.35728886326267 degrees
I think I am at (138.60027604780407, 56.13638803563289), orientation 175.94856585014364 degrees
I am going forward 2.219118106898017 cm
Sonar dist 45
Sonar dist 45
At-waypoint location: {self.log} 

I think I am at (137.40950876230323, 51.977519633380496), orientation 254.47491681869232 degrees
I am going to turn -164.76651861465197 degrees
I think I am at (137.40950876230323, 51.977519633380496), orientation 254.47491681869232 degrees
I am going forward 20 cm
Sonar dist 166
I think I am at (137.6334093867947, 71.2186608426798), orientation 89.01084158851566 degrees
I am going to turn 0.772133159749862 degrees
I think I am at (137.6334093867947, 71.2186608426798), orientation 89.01084158851566 degrees
I am going forward 20 cm
Sonar dist 124
I think I am at (136.1048831760476, 87.59791900218752), orientation 91.44718802132866 degrees
I am going to turn -2.7974278755372484 degrees
I think I am at (136.1048831760476, 87.59791900218752), orientation 91.44718802132866 degrees
I am going forward 20 cm
Sonar dist 105
I think I am at (135.1709434170505, 106.0528542778284), orientation 89.49970638604151 degrees
I am going to turn -2.1145234461078743 degrees
I think I am at (135.1709434170505, 106.0528542778284), orientation 89.49970638604151 degrees
I am going forward 20 cm
Sonar dist 86
I think I am at (134.83396052983173, 125.15092768494755), orientation 86.80862377929759 degrees
I am going to turn -1.0344249478892862 degrees
I think I am at (134.83396052983173, 125.15092768494755), orientation 86.80862377929759 degrees
I am going forward 20 cm
Sonar dist 67
I think I am at (135.71852040947914, 144.62232283879362), orientation 86.6945459300851 degrees
I am going to turn -2.2685174538627866 degrees
I think I am at (135.71852040947914, 144.62232283879362), orientation 86.6945459300851 degrees
I am going forward 20 cm
Sonar dist 47
I think I am at (136.5292119687181, 164.10045948287794), orientation 84.24180341476503 degrees
I am going to turn -14.906752627026021 degrees
I think I am at (136.5292119687181, 164.10045948287794), orientation 84.24180341476503 degrees
I am going forward 4.167689249168979 cm
Sonar dist 44
I think I am at (135.37053521248794, 167.75481671717665), orientation 69.88396953728842 degrees
I am going to turn -64.55685320275477 degrees
I think I am at (135.37053521248794, 167.75481671717665), orientation 69.88396953728842 degrees
I am going forward 2.6408710515551292 cm
Sonar dist 30
Sonar dist 30
At-waypoint location: {self.log} 

I think I am at (138.2420208740671, 167.26047712031126), orientation 0.8336969461980462 degrees
I am going to turn 177.41898983741893 degrees
I think I am at (138.2420208740671, 167.26047712031126), orientation 0.8336969461980462 degrees
I am going forward 20 cm
Sonar dist 35
I think I am at (118.68261558160657, 168.95160382969672), orientation 173.3742172210001 degrees
I am going to turn 18.11303307707268 degrees
I think I am at (118.68261558160657, 168.95160382969672), orientation 173.3742172210001 degrees
I am going forward 4.778330098873256 cm
Sonar dist 33
Sonar dist 33
At-waypoint location: {self.log} 

I think I am at (115.5129845779717, 170.2673171197209), orientation 180.02335281616303 degrees
I am going to turn 88.9718779716799 degrees
I think I am at (115.5129845779717, 170.2673171197209), orientation 180.02335281616303 degrees
I am going forward 20 cm
Sonar dist 162
I think I am at (115.96926907809382, 150.62715251760315), orientation 269.75667918500733 degrees
I am going to turn -1.4496521531880417 degrees
I think I am at (115.96926907809382, 150.62715251760315), orientation 269.75667918500733 degrees
I am going forward 20 cm
Sonar dist 33
I think I am at (115.99777049923756, 131.2147080232131), orientation 269.26753944327004 degrees
I am going to turn -1.6904196480359295 degrees
I think I am at (115.99777049923756, 131.2147080232131), orientation 269.26753944327004 degrees
I am going forward 20 cm
I think I am at (84, 30), orientation 0.0 degrees
I am going to turn 0.0 degrees
I think I am at (84, 30), orientation 0.0 degrees
I am going forward 20 cm
Sonar dist 103
I think I am at (106.06357044476151, 29.586010076124897), orientation -1.6646234052670474 degrees
I am going to turn 1.985434508255613 degrees
I think I am at (106.06357044476151, 29.586010076124897), orientation -1.6646234052670474 degrees
I am going forward 20 cm
Sonar dist 84
I think I am at (126.0587670799758, 30.199351671055002), orientation 1.6158463128806442 degrees
I am going to turn -1.82759448344588 degrees
I think I am at (126.0587670799758, 30.199351671055002), orientation 1.6158463128806442 degrees
I am going forward 20 cm
Sonar dist 64
I think I am at (146.3688684059137, 30.327771504511947), orientation 0.9832149153737892 degrees
I am going to turn -1.5416061554907485 degrees
I think I am at (146.3688684059137, 30.327771504511947), orientation 0.9832149153737892 degrees
I am going forward 20 cm
Sonar dist 44
I think I am at (166.32921328971264, 31.39121954718814), orientation 1.755247449315074 degrees
I am going to turn -7.565998302722996 degrees
I think I am at (166.32921328971264, 31.39121954718814), orientation 1.755247449315074 degrees
I am going forward 13.741393710488316 cm
Sonar dist 31
Sonar dist 31
At-waypoint location: {self.log} 

I think I am at (179.52947631924545, 30.95972531627911), orientation -4.080779204117442 degrees
I am going to turn 92.91085937345343 degrees
I think I am at (179.52947631924545, 30.95972531627911), orientation -4.080779204117442 degrees
I am going forward 20 cm
Sonar dist 36
I think I am at (180.83211498728082, 50.024867623596485), orientation 86.1463711639129 degrees
I am going to turn 15.676643524672063 degrees
I think I am at (180.83211498728082, 50.024867623596485), orientation 86.1463711639129 degrees
I am going forward 4.061292006491137 cm
Sonar dist 33
I think I am at (181.77165214499797, 52.47806021191413), orientation 96.71542841289131 degrees
I am going to turn 42.62030716108115 degrees
I think I am at (181.77165214499797, 52.47806021191413), orientation 96.71542841289131 degrees
I am going forward 2.3356052837401204 cm
Sonar dist 36
I think I am at (183.52362835127568, 53.111524198916314), orientation 127.74331760310943 degrees
I am going to turn 38.1046663737653 degrees
I think I am at (183.52362835127568, 53.111524198916314), orientation 127.74331760310943 degrees
I am going forward 3.633916070443157 cm
Sonar dist 211
I think I am at (182.21845762319452, 54.04475097890158), orientation 159.64925058788435 degrees
I am going to turn 21.506369648682018 degrees
I think I am at (182.21845762319452, 54.04475097890158), orientation 159.64925058788435 degrees
I am going forward 2.2189089381997062 cm
Sonar dist 214
Sonar dist 214
At-waypoint location: {self.log} 

I think I am at (184.03141999765836, 52.36229146297356), orientation 155.06247742478016 degrees
I am going to turn 22.89990944610661 degrees
I think I am at (184.03141999765836, 52.36229146297356), orientation 155.06247742478016 degrees
I am going forward 20 cm
Sonar dist 157
I think I am at (162.01416165939932, 52.74880140222854), orientation 179.47085929463273 degrees
I am going to turn -2.4534174723066706 degrees
I think I am at (162.01416165939932, 52.74880140222854), orientation 179.47085929463273 degrees
I am going forward 20 cm
Sonar dist 141
I think I am at (140.99721969336196, 55.19682688598336), orientation 175.2508966654435 degrees
I am going to turn 26.516540503247654 degrees
I think I am at (140.99721969336196, 55.19682688598336), orientation 175.2508966654435 degrees
I am going forward 3.227339536722061 cm
Sonar dist 138
Sonar dist 138
At-waypoint location: {self.log} 

I think I am at (138.79231450581662, 53.36583601797962), orientation 201.3814865990234 degrees
I am going to turn -110.98548288778794 degrees
I think I am at (138.79231450581662, 53.36583601797962), orientation 201.3814865990234 degrees
I am going forward 20 cm
Sonar dist 137
I think I am at (138.8480089457566, 73.6309933893012), orientation 89.03171865044563 degrees
I am going to turn 1.4831328625857316 degrees
I think I am at (138.8480089457566, 73.6309933893012), orientation 89.03171865044563 degrees
I am going forward 20 cm
Sonar dist 118
I think I am at (137.80316283496768, 93.1842356078239), orientation 92.23058712226495 degrees
I am going to turn -2.381329587808939 degrees
I think I am at (137.80316283496768, 93.1842356078239), orientation 92.23058712226495 degrees
I am going forward 20 cm
I think I am at (84, 30), orientation 0.0 degrees
I am going to turn 0.0 degrees
I think I am at (84, 30), orientation 0.0 degrees
I am going forward 20 cm
Sonar dist 106
I think I am at (104.17676999287528, 30.050122695731655), orientation 0.010860480652052697 degrees
I am going to turn -0.048735660918863326 degrees
I think I am at (104.17676999287528, 30.050122695731655), orientation 0.010860480652052697 degrees
I am going forward 20 cm
Sonar dist 85
I think I am at (124.54663294572933, 29.3339914644393), orientation -1.5266560712761994 degrees
I am going to turn 2.2147593481223287 degrees
I think I am at (124.54663294572933, 29.3339914644393), orientation -1.5266560712761994 degrees
I am going forward 20 cm
Sonar dist 65
I think I am at (145.13354347849747, 29.22547408392655), orientation 0.19224742905794487 degrees
I am going to turn 1.0803157503742082 degrees
I think I am at (145.13354347849747, 29.22547408392655), orientation 0.19224742905794487 degrees
I am going forward 20 cm
Sonar dist 46
I think I am at (164.68926618191048, 28.991321806466935), orientation 1.0183411081295977 degrees
I am going to turn 2.750884416005111 degrees
I think I am at (164.68926618191048, 28.991321806466935), orientation 1.0183411081295977 degrees
I am going forward 15.3439239357636 cm
Sonar dist 31
Sonar dist 31
At-waypoint location: {self.log} 

I think I am at (179.0461983430936, 29.413857821379786), orientation 3.115653542277196 degrees
I am going to turn 84.66271207720946 degrees
I think I am at (179.0461983430936, 29.413857821379786), orientation 3.115653542277196 degrees
I am going forward 20 cm
Sonar dist 33
I think I am at (179.4641437030947, 50.65148250226023), orientation 89.34237829220838 degrees
I am going to turn -8.434215085422915 degrees
I think I am at (179.4641437030947, 50.65148250226023), orientation 89.34237829220838 degrees
I am going forward 3.391122440078282 cm
Sonar dist 31
Sonar dist 31
At-waypoint location: {self.log} 

I think I am at (180.03652714376594, 53.609103599898646), orientation 79.54880235254534 degrees
I am going to turn 99.91842127524554 degrees
I think I am at (180.03652714376594, 53.609103599898646), orientation 79.54880235254534 degrees
I am going forward 20 cm
Sonar dist 161
I think I am at (160.80734583949425, 55.70995103890227), orientation 174.8100734787201 degrees
I am going to turn 9.477581232404553 degrees
I think I am at (160.80734583949425, 55.70995103890227), orientation 174.8100734787201 degrees
I am going forward 20 cm
Sonar dist 143
I think I am at (141.143429579678, 56.86411876017233), orientation 178.21759602880758 degrees
I am going to turn 44.12045036306184 degrees
I think I am at (84, 30), orientation 0.0 degrees
I am going to turn 0.0 degrees
I think I am at (84, 30), orientation 0.0 degrees
I am going forward 20 cm
Sonar dist 107
I think I am at (103.59267924392518, 30.275847142610157), orientation 0.9832913378182463 degrees
I am going to turn -1.1901407370801853 degrees
I think I am at (103.59267924392518, 30.275847142610157), orientation 0.9832913378182463 degrees
I am going forward 20 cm
Sonar dist 85
I think I am at (124.22195457241615, 31.00236307761548), orientation 1.176837694007199 degrees
I am going to turn -2.206364496998247 degrees
I think I am at (124.22195457241615, 31.00236307761548), orientation 1.176837694007199 degrees
I am going forward 20 cm
Sonar dist 65
I think I am at (144.659904300722, 31.058088430696937), orientation 0.053209062205435795 degrees
I am going to turn -1.7681420650579902 degrees
I think I am at (144.659904300722, 31.058088430696937), orientation 0.053209062205435795 degrees
I am going forward 20 cm
Sonar dist 46
I think I am at (163.790494576144, 30.9486695428045), orientation -0.6464965706853203 degrees
I am going to turn -2.702947319576291 degrees
I think I am at (163.790494576144, 30.9486695428045), orientation -0.6464965706853203 degrees
I am going forward 16.23724237632308 cm
Sonar dist 30
Sonar dist 30
At-waypoint location: {self.log} 

I think I am at (180.19113950802247, 29.125787001427305), orientation -4.567177088644762 degrees
I am going to turn 95.00744314100831 degrees
I think I am at (180.19113950802247, 29.125787001427305), orientation -4.567177088644762 degrees
I am going forward 20 cm
Sonar dist 36
I think I am at (180.17042377931153, 48.02709198475214), orientation 90.50500010326505 degrees
I am going to turn 1.1293653863696114 degrees
I think I am at (180.17042377931153, 48.02709198475214), orientation 90.50500010326505 degrees
I am going forward 5.975338854254791 cm
Sonar dist 30
Sonar dist 30
At-waypoint location: {self.log} 

I think I am at (179.94344373808192, 53.59719802077382), orientation 91.85358163576402 degrees
I am going to turn 87.59619783204165 degrees
I think I am at (179.94344373808192, 53.59719802077382), orientation 91.85358163576402 degrees
I am going forward 20 cm
Sonar dist 156
I think I am at (158.30986876109614, 53.86558052131261), orientation 177.8527419897601 degrees
I am going to turn 1.768055345122712 degrees
I think I am at (158.30986876109614, 53.86558052131261), orientation 177.8527419897601 degrees
I am going forward 20 cm
Sonar dist 137
Sonar dist 137
At-waypoint location: {self.log} 

I think I am at (136.67439979139252, 55.78708988976047), orientation 176.1628335465759 degrees
I am going to turn -86.83965196627909 degrees
I think I am at (136.67439979139252, 55.78708988976047), orientation 176.1628335465759 degrees
I am going forward 20 cm
Sonar dist 142
I think I am at (136.70194731781535, 72.00290350471786), orientation 92.53041827375955 degrees
I am going to turn -3.3051126211221864 degrees
I think I am at (136.70194731781535, 72.00290350471786), orientation 92.53041827375955 degrees
I am going forward 20 cm
Sonar dist 119
I think I am at (136.0452596701769, 91.31867755708691), orientation 90.91596177379667 degrees
I am going to turn -2.3762146346964252 degrees
I think I am at (136.0452596701769, 91.31867755708691), orientation 90.91596177379667 degrees
I am going forward 20 cm
Sonar dist 100
I think I am at (136.57560326003613, 111.11080363787795), orientation 88.23088257151993 degrees
I am going to turn 0.3348402923867333 degrees
I think I am at (136.57560326003613, 111.11080363787795), orientation 88.23088257151993 degrees
I am going forward 20 cm
Sonar dist 80
I think I am at (137.83469229300786, 130.5448846814019), orientation 87.78216060388519 degrees
I am going to turn 1.9649667950253513 degrees
I think I am at (137.83469229300786, 130.5448846814019), orientation 87.78216060388519 degrees
I am going forward 20 cm
Sonar dist 61
I think I am at (138.0882566085424, 149.85264096471707), orientation 89.60822351341031 degrees
I am going to turn 0.6704226139466923 degrees
I think I am at (138.0882566085424, 149.85264096471707), orientation 89.60822351341031 degrees
I am going forward 18.147573644551397 cm
Sonar dist 44
Sonar dist 44
At-waypoint location: {self.log} 

I think I am at (138.69723478334296, 166.75917515599352), orientation 90.32670288808397 degrees
I am going to turn 86.79709258354966 degrees
I think I am at (138.69723478334296, 166.75917515599352), orientation 90.32670288808397 degrees
I am going forward 20 cm
Sonar dist 31
I think I am at (116.16219560755015, 167.26848073958925), orientation 177.4288389410511 degrees
I am going to turn -16.120670043407873 degrees
I think I am at (116.16219560755015, 167.26848073958925), orientation 177.4288389410511 degrees
I am going forward 2.282588502919664 cm
Sonar dist 29
I think I am at (111.89925459029625, 167.73280381605346), orientation 161.51416159700483 degrees
I am going to turn -154.26556764884904 degrees
I think I am at (111.89925459029625, 167.73280381605346), orientation 161.51416159700483 degrees
I am going forward 2.117669728051794 cm
Sonar dist 48
I think I am at (116.95111463073063, 168.13602163977734), orientation 6.0098214161991494 degrees
I am going to turn 176.62916587206973 degrees
I think I am at (116.95111463073063, 168.13602163977734), orientation 6.0098214161991494 degrees
I am going forward 2.9542476961487325 cm
Sonar dist 29
Sonar dist 29
At-waypoint location: {self.log} 

I think I am at (112.93208499344705, 169.07095390398268), orientation 174.4807777315026 degrees
I am going to turn 96.238431425422 degrees
I think I am at (112.93208499344705, 169.07095390398268), orientation 174.4807777315026 degrees
I am going forward 20 cm
Sonar dist 143
I think I am at (113.66872838163353, 149.24301330423847), orientation 272.35591177391206 degrees
I am going to turn -2.0649947617435336 degrees
I think I am at (113.66872838163353, 149.24301330423847), orientation 272.35591177391206 degrees
I am going forward 20 cm
Sonar dist 125
I think I am at (114.00198110271508, 129.6791705571786), orientation 271.6309818571449 degrees
I am going to turn -1.6334667714483375 degrees
I think I am at (114.00198110271508, 129.6791705571786), orientation 271.6309818571449 degrees
I am going forward 20 cm
Sonar dist 108
I think I am at (114.24916800723649, 109.24829203055486), orientation 269.2836554970099 degrees
I am going to turn 0.15092757292364997 degrees
I think I am at (114.24916800723649, 109.24829203055486), orientation 269.2836554970099 degrees
I am going forward 20 cm
I think I am at (84, 30), orientation 0.0 degrees
I am going to turn 0.0 degrees
I think I am at (84, 30), orientation 0.0 degrees
I am going forward 20 cm
Sonar dist 105
I think I am at (104.47107547950394, 29.936520214020664), orientation 0.09169752010864532 degrees
I am going to turn -0.043542154628551655 degrees
I think I am at (104.47107547950394, 29.936520214020664), orientation 0.09169752010864532 degrees
I am going forward 20 cm
Sonar dist 83
I think I am at (125.76361829080138, 30.323461214561434), orientation 0.769179370331373 degrees
I am going to turn -1.1108825246088403 degrees
I think I am at (125.76361829080138, 30.323461214561434), orientation 0.769179370331373 degrees
I am going forward 20 cm
Sonar dist 63
I think I am at (146.49139849172212, 30.851947397814875), orientation 0.7526555035306275 degrees
I am going to turn -2.2090718948244605 degrees
I think I am at (146.49139849172212, 30.851947397814875), orientation 0.7526555035306275 degrees
I am going forward 20 cm
Sonar dist 44
I think I am at (166.22490208998417, 29.883604323905995), orientation -2.5012442325644164 degrees
I am going to turn 2.9853658212061105 degrees
I think I am at (166.22490208998417, 29.883604323905995), orientation -2.5012442325644164 degrees
I am going forward 13.775589656487881 cm
Sonar dist 30
Sonar dist 30
At-waypoint location: {self.log} 

I think I am at (180.063157881094, 29.291496232275126), orientation 1.299433706753078 degrees
I am going to turn 88.8470208168614 degrees
I think I am at (180.063157881094, 29.291496232275126), orientation 1.299433706753078 degrees
I am going forward 20 cm
Sonar dist 35
I think I am at (180.2354666031195, 49.06713172349793), orientation 89.5449273350106 degrees
I am going to turn 3.1879673942557387 degrees
I think I am at (180.2354666031195, 49.06713172349793), orientation 89.5449273350106 degrees
I am going forward 4.93848498575273 cm
Sonar dist 31
Sonar dist 31
At-waypoint location: {self.log} 

I think I am at (180.8061051998768, 53.28251170303089), orientation 91.53713278213081 degrees
I am going to turn 87.50260227536823 degrees
I think I am at (180.8061051998768, 53.28251170303089), orientation 91.53713278213081 degrees
I am going forward 20 cm
Sonar dist 155
I think I am at (159.4303738206988, 54.285398462171464), orientation 177.90565859021302 degrees
I am going to turn 2.8573314019526292 degrees
I think I am at (159.4303738206988, 54.285398462171464), orientation 177.90565859021302 degrees
I am going forward 20 cm
Sonar dist 136
I think I am at (137.34936458349162, 57.15803536624058), orientation 176.37505702445014 degrees
I am going to turn 105.26643801885061 degrees
I think I am at (137.34936458349162, 57.15803536624058), orientation 176.37505702445014 degrees
I am going forward 3.2243625446964432 cm
Sonar dist 44
Sonar dist 44
At-waypoint location: {self.log} 

I think I am at (137.36250024363514, 54.08444281829269), orientation 281.67160759079843 degrees
I am going to turn 168.00775434111307 degrees
I think I am at (137.36250024363514, 54.08444281829269), orientation 281.67160759079843 degrees
I am going forward 20 cm
Sonar dist 144
I think I am at (137.7412438597577, 74.59088975255779), orientation 448.25501347230255 degrees
I am going to turn 1.5862697087751818 degrees
I think I am at (137.7412438597577, 74.59088975255779), orientation 448.25501347230255 degrees
I am going forward 20 cm
Sonar dist 125
I think I am at (136.9704345026701, 94.0379528716627), orientation 451.34831894536353 degrees
I am going to turn -2.1458353782178867 degrees
I think I am at (136.9704345026701, 94.0379528716627), orientation 451.34831894536353 degrees
I am going forward 20 cm
Sonar dist 105
I think I am at (136.51270787249408, 113.79427428524424), orientation 449.20254630479667 degrees
I am going to turn -0.7742287387315875 degrees
I think I am at (136.51270787249408, 113.79427428524424), orientation 449.20254630479667 degrees
I am going forward 20 cm
Sonar dist 86
I think I am at (137.85013927541647, 133.79496799763464), orientation 447.8777462020591 degrees
I am going to turn 1.8712283905117417 degrees
I think I am at (137.85013927541647, 133.79496799763464), orientation 447.8777462020591 degrees
I am going forward 20 cm
Sonar dist 68
I think I am at (135.12564672195234, 152.70194273776286), orientation 451.9039944970491 degrees
I am going to turn -12.545239401997696 degrees
I think I am at (135.12564672195234, 152.70194273776286), orientation 451.9039944970491 degrees
I am going forward 15.56574645706751 cm
Sonar dist 52
Sonar dist 52
At-waypoint location: {self.log} 

I think I am at (136.87142375488162, 168.58371796114218), orientation 441.24575567286104 degrees
I am going to turn 100.21621352201903 degrees
I think I am at (136.87142375488162, 168.58371796114218), orientation 441.24575567286104 degrees
I am going forward 20 cm
Sonar dist 24
I think I am at (118.76977318683997, 168.52684936601725), orientation 542.122373633873 degrees
I am going to turn 4.180729774048057 degrees
