I think I am at (84, 30), orientation 0.0 degrees
I am going to turn 0.0 degrees
I think I am at (84, 30), orientation 0.0 degrees
I am going forward 20 cm
I think I am at (103.99227249048324, 29.919822963956033), orientation -0.17872525892633634 degrees
I am going to turn 0.2391639041252035 degrees
I think I am at (103.99227249048324, 29.919822963956033), orientation -0.17872525892633634 degrees
I am going forward 20 cm
I think I am at (123.98214364101524, 29.974901552344278), orientation 0.0699681111835612 degrees
I am going to turn -0.04429709982673766 degrees
I think I am at (123.98214364101524, 29.974901552344278), orientation 0.0699681111835612 degrees
I am going forward 20 cm
I think I am at (143.98483799403795, 30.024103424179252), orientation 0.013936104010939459 degrees
I am going to turn -0.05228173940933065 degrees
I think I am at (143.98483799403795, 30.024103424179252), orientation 0.013936104010939459 degrees
I am going forward 20 cm
I think I am at (163.9888243339174, 29.698583446181193), orientation -0.27088002081803897 degrees
I am going to turn 1.3493677646649056 degrees
I think I am at (163.9888243339174, 29.698583446181193), orientation -0.27088002081803897 degrees
I am going forward 16.01401255616692 cm
I think I am at (179.99894169881972, 30.139030675185566), orientation 0.9356559666573542 degrees
I am going to turn 89.06180280418222 degrees
I think I am at (179.99894169881972, 30.139030675185566), orientation 0.9356559666573542 degrees
I am going forward 20 cm
I think I am at (179.3307272514899, 52.28519451365382), orientation 91.75850114855524 degrees
I am going to turn 85.86566844605069 degrees
I think I am at (179.3307272514899, 52.28519451365382), orientation 91.75850114855524 degrees
I am going forward 20 cm
I think I am at (159.14453733239827, 53.52853088009893), orientation 177.93723679783008 degrees
I am going to turn 0.7854254727284663 degrees
I think I am at (159.14453733239827, 53.52853088009893), orientation 177.93723679783008 degrees
I am going forward 20 cm
I think I am at (139.20630613666196, 54.06435502061083), orientation 178.19226613859504 degrees
I am going to turn -87.58566345484448 degrees
I think I am at (139.20630613666196, 54.06435502061083), orientation 178.19226613859504 degrees
I am going forward 20 cm
I think I am at (139.06401115709386, 73.98921286960757), orientation 90.51680329630192 degrees
I am going to turn 0.13164086266043495 degrees
I think I am at (139.06401115709386, 73.98921286960757), orientation 90.51680329630192 degrees
I am going forward 20 cm
I think I am at (138.66798882256444, 93.84790710710925), orientation 90.73858398852913 degrees
I am going to turn -0.2224568832529384 degrees
I think I am at (138.66798882256444, 93.84790710710925), orientation 90.73858398852913 degrees
I am going forward 20 cm
I think I am at (138.62806307379, 113.12853510971), orientation 90.33841165386359 degrees
I am going to turn 0.3173716768418747 degrees
I think I am at (138.62806307379, 113.12853510971), orientation 90.33841165386359 degrees
I am going forward 20 cm
I think I am at (138.39514932483425, 132.64557639594292), orientation 90.48743510253661 degrees
I am going to turn 0.1529217071903298 degrees
I think I am at (138.39514932483425, 132.64557639594292), orientation 90.48743510253661 degrees
I am going forward 20 cm
I think I am at (137.3221957609254, 152.08825216261496), orientation 91.34905966873076 degrees
I am going to turn -3.7882548105930978 degrees
I think I am at (137.3221957609254, 152.08825216261496), orientation 91.34905966873076 degrees
I am going forward 15.926177753216082 cm
I think I am at (137.07805480635008, 167.62179845377395), orientation 88.0835325489245 degrees
I am going to turn 90.97759227172016 degrees
I think I am at (137.07805480635008, 167.62179845377395), orientation 88.0835325489245 degrees
I am going forward 20 cm
I think I am at (114.32900725665574, 167.7065967804445), orientation 179.0084302313461 degrees
I am going to turn 90.76637090872539 degrees
I think I am at (114.32900725665574, 167.7065967804445), orientation 179.0084302313461 degrees
I am going forward 20 cm
I think I am at (114.32814449430421, 147.73930581911523), orientation 269.6318965441163 degrees
I am going to turn 0.07313431164298252 degrees
I think I am at (114.32814449430421, 147.73930581911523), orientation 269.6318965441163 degrees
I am going forward 20 cm
I think I am at (114.21437206987274, 127.69374782725195), orientation 269.8058132390087 degrees
I am going to turn -0.08691790292389484 degrees
I think I am at (114.21437206987274, 127.69374782725195), orientation 269.8058132390087 degrees
I am going forward 20 cm
I think I am at (114.36541800290632, 107.4078474213335), orientation 270.461823738851 degrees
I am going to turn -1.3561908464306007 degrees
I think I am at (114.36541800290632, 107.4078474213335), orientation 270.461823738851 degrees
I am going forward 20 cm
I think I am at (114.30938158268532, 87.28550226935167), orientation 269.5032761735239 degrees
I am going to turn -4.882709982645499 degrees
I think I am at (114.30938158268532, 87.28550226935167), orientation 269.5032761735239 degrees
I am going forward 3.300036685496061 cm
I think I am at (113.35354341246726, 84.07257450872996), orientation 264.53645210679787 degrees
I am going to turn -84.39479273303323 degrees
I think I am at (113.35354341246726, 84.07257450872996), orientation 264.53645210679787 degrees
I am going forward 20 cm
I think I am at (94.34489417876401, 83.52057339538665), orientation 181.0074834738979 degrees
I am going to turn -3.6609161603347995 degrees
I think I am at (94.34489417876401, 83.52057339538665), orientation 181.0074834738979 degrees
I am going forward 10.355997558856247 cm
I think I am at (84.65469248548709, 83.84141879392426), orientation 177.46403665164516 degrees
I am going to turn 91.83930140032476 degrees
I think I am at (84.65469248548709, 83.84141879392426), orientation 177.46403665164516 degrees
I am going forward 20 cm
I think I am at (84.66136475857597, 63.79182021653136), orientation 269.49461516973014 degrees
I am going to turn -0.6158501863303173 degrees
I think I am at (84.66136475857597, 63.79182021653136), orientation 269.49461516973014 degrees
I am going forward 20 cm
I think I am at (83.15438344361147, 44.68276763412171), orientation 268.161055423717 degrees
I am going to turn 5.135107756428103 degrees
I think I am at (83.15438344361147, 44.68276763412171), orientation 268.161055423717 degrees
I am going forward 14.707098039995874 cm
